{"total": {"lines":{"total":237,"covered":173,"skipped":0,"pct":72.99},"statements":{"total":237,"covered":173,"skipped":0,"pct":72.99},"functions":{"total":9,"covered":8,"skipped":0,"pct":88.88},"branches":{"total":33,"covered":22,"skipped":0,"pct":66.66},"branchesTrue":{"total":0,"covered":0,"skipped":0,"pct":"Unknown"}}
,"C:\\Users\\shaokang\\Desktop\\CSE 210\\Server\\cloudflare\\chat\\index.js": {"lines":{"total":237,"covered":173,"skipped":0,"pct":72.99},"functions":{"total":9,"covered":8,"skipped":0,"pct":88.88},"statements":{"total":237,"covered":173,"skipped":0,"pct":72.99},"branches":{"total":33,"covered":22,"skipped":0,"pct":66.66}}
}
