{"C:\\Users\\shaokang\\Desktop\\CSE 210\\Server\\cloudflare\\chat\\index.js": {"path":"C:\\Users\\shaokang\\Desktop\\CSE 210\\Server\\cloudflare\\chat\\index.js","all":false,"statementMap":{"0":{"start":{"line":1,"column":0},"end":{"line":1,"column":20}},"1":{"start":{"line":2,"column":0},"end":{"line":2,"column":13}},"2":{"start":{"line":3,"column":0},"end":{"line":3,"column":18}},"3":{"start":{"line":4,"column":0},"end":{"line":4,"column":11}},"4":{"start":{"line":5,"column":0},"end":{"line":5,"column":51}},"5":{"start":{"line":6,"column":0},"end":{"line":6,"column":37}},"6":{"start":{"line":7,"column":0},"end":{"line":7,"column":51}},"7":{"start":{"line":8,"column":0},"end":{"line":8,"column":2}},"8":{"start":{"line":9,"column":0},"end":{"line":9,"column":2}},"9":{"start":{"line":10,"column":0},"end":{"line":10,"column":0}},"10":{"start":{"line":11,"column":0},"end":{"line":11,"column":22}},"11":{"start":{"line":12,"column":0},"end":{"line":12,"column":13}},"12":{"start":{"line":13,"column":0},"end":{"line":13,"column":25}},"13":{"start":{"line":14,"column":0},"end":{"line":14,"column":11}},"14":{"start":{"line":15,"column":0},"end":{"line":15,"column":51}},"15":{"start":{"line":16,"column":0},"end":{"line":16,"column":37}},"16":{"start":{"line":17,"column":0},"end":{"line":17,"column":51}},"17":{"start":{"line":18,"column":0},"end":{"line":18,"column":2}},"18":{"start":{"line":19,"column":0},"end":{"line":19,"column":2}},"19":{"start":{"line":20,"column":0},"end":{"line":20,"column":0}},"20":{"start":{"line":21,"column":0},"end":{"line":21,"column":26}},"21":{"start":{"line":22,"column":0},"end":{"line":22,"column":13}},"22":{"start":{"line":23,"column":0},"end":{"line":23,"column":25}},"23":{"start":{"line":24,"column":0},"end":{"line":24,"column":11}},"24":{"start":{"line":25,"column":0},"end":{"line":25,"column":51}},"25":{"start":{"line":26,"column":0},"end":{"line":26,"column":37}},"26":{"start":{"line":27,"column":0},"end":{"line":27,"column":51}},"27":{"start":{"line":28,"column":0},"end":{"line":28,"column":2}},"28":{"start":{"line":29,"column":0},"end":{"line":29,"column":2}},"29":{"start":{"line":30,"column":0},"end":{"line":30,"column":0}},"30":{"start":{"line":31,"column":0},"end":{"line":31,"column":16}},"31":{"start":{"line":32,"column":0},"end":{"line":32,"column":28}},"32":{"start":{"line":33,"column":0},"end":{"line":33,"column":86}},"33":{"start":{"line":34,"column":0},"end":{"line":34,"column":92}},"34":{"start":{"line":35,"column":0},"end":{"line":35,"column":88}},"35":{"start":{"line":36,"column":0},"end":{"line":36,"column":35}},"36":{"start":{"line":37,"column":0},"end":{"line":37,"column":28}},"37":{"start":{"line":38,"column":0},"end":{"line":38,"column":0}},"38":{"start":{"line":39,"column":0},"end":{"line":39,"column":27}},"39":{"start":{"line":40,"column":0},"end":{"line":40,"column":31}},"40":{"start":{"line":41,"column":0},"end":{"line":41,"column":33}},"41":{"start":{"line":42,"column":0},"end":{"line":42,"column":30}},"42":{"start":{"line":43,"column":0},"end":{"line":43,"column":35}},"43":{"start":{"line":44,"column":0},"end":{"line":44,"column":32}},"44":{"start":{"line":45,"column":0},"end":{"line":45,"column":35}},"45":{"start":{"line":46,"column":0},"end":{"line":46,"column":32}},"46":{"start":{"line":47,"column":0},"end":{"line":47,"column":34}},"47":{"start":{"line":48,"column":0},"end":{"line":48,"column":31}},"48":{"start":{"line":49,"column":0},"end":{"line":49,"column":35}},"49":{"start":{"line":50,"column":0},"end":{"line":50,"column":32}},"50":{"start":{"line":51,"column":0},"end":{"line":51,"column":10}},"51":{"start":{"line":52,"column":0},"end":{"line":52,"column":52}},"52":{"start":{"line":53,"column":0},"end":{"line":53,"column":3}},"53":{"start":{"line":54,"column":0},"end":{"line":54,"column":2}},"54":{"start":{"line":55,"column":0},"end":{"line":55,"column":1}},"55":{"start":{"line":56,"column":0},"end":{"line":56,"column":0}},"56":{"start":{"line":57,"column":0},"end":{"line":57,"column":37}},"57":{"start":{"line":58,"column":0},"end":{"line":58,"column":94}},"58":{"start":{"line":59,"column":0},"end":{"line":59,"column":47}},"59":{"start":{"line":60,"column":0},"end":{"line":60,"column":0}},"60":{"start":{"line":61,"column":0},"end":{"line":61,"column":26}},"61":{"start":{"line":62,"column":0},"end":{"line":62,"column":102}},"62":{"start":{"line":63,"column":0},"end":{"line":63,"column":2}},"63":{"start":{"line":64,"column":0},"end":{"line":64,"column":27}},"64":{"start":{"line":65,"column":0},"end":{"line":65,"column":0}},"65":{"start":{"line":66,"column":0},"end":{"line":66,"column":36}},"66":{"start":{"line":67,"column":0},"end":{"line":67,"column":47}},"67":{"start":{"line":68,"column":0},"end":{"line":68,"column":20}},"68":{"start":{"line":69,"column":0},"end":{"line":69,"column":97}},"69":{"start":{"line":70,"column":0},"end":{"line":70,"column":2}},"70":{"start":{"line":71,"column":0},"end":{"line":71,"column":0}},"71":{"start":{"line":72,"column":0},"end":{"line":72,"column":27}},"72":{"start":{"line":73,"column":0},"end":{"line":73,"column":42}},"73":{"start":{"line":74,"column":0},"end":{"line":74,"column":23}},"74":{"start":{"line":75,"column":0},"end":{"line":75,"column":47}},"75":{"start":{"line":76,"column":0},"end":{"line":76,"column":156}},"76":{"start":{"line":77,"column":0},"end":{"line":77,"column":23}},"77":{"start":{"line":78,"column":0},"end":{"line":78,"column":17}},"78":{"start":{"line":79,"column":0},"end":{"line":79,"column":5}},"79":{"start":{"line":80,"column":0},"end":{"line":80,"column":0}},"80":{"start":{"line":81,"column":0},"end":{"line":81,"column":96}},"81":{"start":{"line":82,"column":0},"end":{"line":82,"column":1}},"82":{"start":{"line":83,"column":0},"end":{"line":83,"column":0}},"83":{"start":{"line":84,"column":0},"end":{"line":84,"column":27}},"84":{"start":{"line":85,"column":0},"end":{"line":85,"column":34}},"85":{"start":{"line":86,"column":0},"end":{"line":86,"column":57}},"86":{"start":{"line":87,"column":0},"end":{"line":87,"column":13}},"87":{"start":{"line":88,"column":0},"end":{"line":88,"column":1}},"88":{"start":{"line":89,"column":0},"end":{"line":89,"column":0}},"89":{"start":{"line":90,"column":0},"end":{"line":90,"column":36}},"90":{"start":{"line":91,"column":0},"end":{"line":91,"column":93}},"91":{"start":{"line":92,"column":0},"end":{"line":92,"column":0}},"92":{"start":{"line":93,"column":0},"end":{"line":93,"column":28}},"93":{"start":{"line":94,"column":0},"end":{"line":94,"column":53}},"94":{"start":{"line":95,"column":0},"end":{"line":95,"column":0}},"95":{"start":{"line":96,"column":0},"end":{"line":96,"column":53}},"96":{"start":{"line":97,"column":0},"end":{"line":97,"column":16}},"97":{"start":{"line":98,"column":0},"end":{"line":98,"column":39}},"98":{"start":{"line":99,"column":0},"end":{"line":99,"column":34}},"99":{"start":{"line":100,"column":0},"end":{"line":100,"column":15}},"100":{"start":{"line":101,"column":0},"end":{"line":101,"column":32}},"101":{"start":{"line":102,"column":0},"end":{"line":102,"column":30}},"102":{"start":{"line":103,"column":0},"end":{"line":103,"column":37}},"103":{"start":{"line":104,"column":0},"end":{"line":104,"column":5}},"104":{"start":{"line":105,"column":0},"end":{"line":105,"column":38}},"105":{"start":{"line":106,"column":0},"end":{"line":106,"column":28}},"106":{"start":{"line":107,"column":0},"end":{"line":107,"column":54}},"107":{"start":{"line":108,"column":0},"end":{"line":108,"column":0}},"108":{"start":{"line":109,"column":0},"end":{"line":109,"column":59}},"109":{"start":{"line":110,"column":0},"end":{"line":110,"column":47}},"110":{"start":{"line":111,"column":0},"end":{"line":111,"column":24}},"111":{"start":{"line":112,"column":0},"end":{"line":112,"column":55}},"112":{"start":{"line":113,"column":0},"end":{"line":113,"column":10}},"113":{"start":{"line":114,"column":0},"end":{"line":114,"column":99}},"114":{"start":{"line":115,"column":0},"end":{"line":115,"column":3}},"115":{"start":{"line":116,"column":0},"end":{"line":116,"column":9}},"116":{"start":{"line":117,"column":0},"end":{"line":117,"column":91}},"117":{"start":{"line":118,"column":0},"end":{"line":118,"column":2}},"118":{"start":{"line":119,"column":0},"end":{"line":119,"column":1}},"119":{"start":{"line":120,"column":0},"end":{"line":120,"column":0}},"120":{"start":{"line":121,"column":0},"end":{"line":121,"column":38}},"121":{"start":{"line":122,"column":0},"end":{"line":122,"column":93}},"122":{"start":{"line":123,"column":0},"end":{"line":123,"column":0}},"123":{"start":{"line":124,"column":0},"end":{"line":124,"column":28}},"124":{"start":{"line":125,"column":0},"end":{"line":125,"column":61}},"125":{"start":{"line":126,"column":0},"end":{"line":126,"column":0}},"126":{"start":{"line":127,"column":0},"end":{"line":127,"column":53}},"127":{"start":{"line":128,"column":0},"end":{"line":128,"column":23}},"128":{"start":{"line":129,"column":0},"end":{"line":129,"column":56}},"129":{"start":{"line":130,"column":0},"end":{"line":130,"column":14}},"130":{"start":{"line":131,"column":0},"end":{"line":131,"column":31}},"131":{"start":{"line":132,"column":0},"end":{"line":132,"column":29}},"132":{"start":{"line":133,"column":0},"end":{"line":133,"column":36}},"133":{"start":{"line":134,"column":0},"end":{"line":134,"column":4}},"134":{"start":{"line":135,"column":0},"end":{"line":135,"column":0}},"135":{"start":{"line":136,"column":0},"end":{"line":136,"column":58}},"136":{"start":{"line":137,"column":0},"end":{"line":137,"column":9}},"137":{"start":{"line":138,"column":0},"end":{"line":138,"column":94}},"138":{"start":{"line":139,"column":0},"end":{"line":139,"column":2}},"139":{"start":{"line":140,"column":0},"end":{"line":140,"column":0}},"140":{"start":{"line":141,"column":0},"end":{"line":141,"column":1}},"141":{"start":{"line":142,"column":0},"end":{"line":142,"column":0}},"142":{"start":{"line":143,"column":0},"end":{"line":143,"column":37}},"143":{"start":{"line":144,"column":0},"end":{"line":144,"column":32}},"144":{"start":{"line":145,"column":0},"end":{"line":145,"column":18}},"145":{"start":{"line":146,"column":0},"end":{"line":146,"column":23}},"146":{"start":{"line":147,"column":0},"end":{"line":147,"column":2}},"147":{"start":{"line":148,"column":0},"end":{"line":148,"column":12}},"148":{"start":{"line":149,"column":0},"end":{"line":149,"column":1}},"149":{"start":{"line":150,"column":0},"end":{"line":150,"column":0}},"150":{"start":{"line":151,"column":0},"end":{"line":151,"column":38}},"151":{"start":{"line":152,"column":0},"end":{"line":152,"column":96}},"152":{"start":{"line":153,"column":0},"end":{"line":153,"column":28}},"153":{"start":{"line":154,"column":0},"end":{"line":154,"column":61}},"154":{"start":{"line":155,"column":0},"end":{"line":155,"column":0}},"155":{"start":{"line":156,"column":0},"end":{"line":156,"column":53}},"156":{"start":{"line":157,"column":0},"end":{"line":157,"column":23}},"157":{"start":{"line":158,"column":0},"end":{"line":158,"column":56}},"158":{"start":{"line":159,"column":0},"end":{"line":159,"column":90}},"159":{"start":{"line":160,"column":0},"end":{"line":160,"column":53}},"160":{"start":{"line":161,"column":0},"end":{"line":161,"column":82}},"161":{"start":{"line":162,"column":0},"end":{"line":162,"column":9}},"162":{"start":{"line":163,"column":0},"end":{"line":163,"column":96}},"163":{"start":{"line":164,"column":0},"end":{"line":164,"column":2}},"164":{"start":{"line":165,"column":0},"end":{"line":165,"column":32}},"165":{"start":{"line":166,"column":0},"end":{"line":166,"column":1}},"166":{"start":{"line":167,"column":0},"end":{"line":167,"column":0}},"167":{"start":{"line":168,"column":0},"end":{"line":168,"column":30}},"168":{"start":{"line":169,"column":0},"end":{"line":169,"column":37}},"169":{"start":{"line":170,"column":0},"end":{"line":170,"column":0}},"170":{"start":{"line":171,"column":0},"end":{"line":171,"column":33}},"171":{"start":{"line":172,"column":0},"end":{"line":172,"column":29}},"172":{"start":{"line":173,"column":0},"end":{"line":173,"column":62}},"173":{"start":{"line":174,"column":0},"end":{"line":174,"column":42}},"174":{"start":{"line":175,"column":0},"end":{"line":175,"column":0}},"175":{"start":{"line":176,"column":0},"end":{"line":176,"column":54}},"176":{"start":{"line":177,"column":0},"end":{"line":177,"column":24}},"177":{"start":{"line":178,"column":0},"end":{"line":178,"column":57}},"178":{"start":{"line":179,"column":0},"end":{"line":179,"column":31}},"179":{"start":{"line":180,"column":0},"end":{"line":180,"column":54}},"180":{"start":{"line":181,"column":0},"end":{"line":181,"column":80}},"181":{"start":{"line":182,"column":0},"end":{"line":182,"column":10}},"182":{"start":{"line":183,"column":0},"end":{"line":183,"column":95}},"183":{"start":{"line":184,"column":0},"end":{"line":184,"column":3}},"184":{"start":{"line":185,"column":0},"end":{"line":185,"column":19}},"185":{"start":{"line":186,"column":0},"end":{"line":186,"column":39}},"186":{"start":{"line":187,"column":0},"end":{"line":187,"column":28}},"187":{"start":{"line":188,"column":0},"end":{"line":188,"column":29}},"188":{"start":{"line":189,"column":0},"end":{"line":189,"column":62}},"189":{"start":{"line":190,"column":0},"end":{"line":190,"column":0}},"190":{"start":{"line":191,"column":0},"end":{"line":191,"column":54}},"191":{"start":{"line":192,"column":0},"end":{"line":192,"column":24}},"192":{"start":{"line":193,"column":0},"end":{"line":193,"column":57}},"193":{"start":{"line":194,"column":0},"end":{"line":194,"column":86}},"194":{"start":{"line":195,"column":0},"end":{"line":195,"column":10}},"195":{"start":{"line":196,"column":0},"end":{"line":196,"column":95}},"196":{"start":{"line":197,"column":0},"end":{"line":197,"column":3}},"197":{"start":{"line":198,"column":0},"end":{"line":198,"column":0}},"198":{"start":{"line":199,"column":0},"end":{"line":199,"column":2}},"199":{"start":{"line":200,"column":0},"end":{"line":200,"column":63}},"200":{"start":{"line":201,"column":0},"end":{"line":201,"column":1}},"201":{"start":{"line":202,"column":0},"end":{"line":202,"column":0}},"202":{"start":{"line":203,"column":0},"end":{"line":203,"column":30}},"203":{"start":{"line":204,"column":0},"end":{"line":204,"column":38}},"204":{"start":{"line":205,"column":0},"end":{"line":205,"column":0}},"205":{"start":{"line":206,"column":0},"end":{"line":206,"column":33}},"206":{"start":{"line":207,"column":0},"end":{"line":207,"column":29}},"207":{"start":{"line":208,"column":0},"end":{"line":208,"column":62}},"208":{"start":{"line":209,"column":0},"end":{"line":209,"column":43}},"209":{"start":{"line":210,"column":0},"end":{"line":210,"column":0}},"210":{"start":{"line":211,"column":0},"end":{"line":211,"column":54}},"211":{"start":{"line":212,"column":0},"end":{"line":212,"column":24}},"212":{"start":{"line":213,"column":0},"end":{"line":213,"column":57}},"213":{"start":{"line":214,"column":0},"end":{"line":214,"column":33}},"214":{"start":{"line":215,"column":0},"end":{"line":215,"column":54}},"215":{"start":{"line":216,"column":0},"end":{"line":216,"column":80}},"216":{"start":{"line":217,"column":0},"end":{"line":217,"column":10}},"217":{"start":{"line":218,"column":0},"end":{"line":218,"column":95}},"218":{"start":{"line":219,"column":0},"end":{"line":219,"column":3}},"219":{"start":{"line":220,"column":0},"end":{"line":220,"column":19}},"220":{"start":{"line":221,"column":0},"end":{"line":221,"column":39}},"221":{"start":{"line":222,"column":0},"end":{"line":222,"column":28}},"222":{"start":{"line":223,"column":0},"end":{"line":223,"column":29}},"223":{"start":{"line":224,"column":0},"end":{"line":224,"column":62}},"224":{"start":{"line":225,"column":0},"end":{"line":225,"column":0}},"225":{"start":{"line":226,"column":0},"end":{"line":226,"column":54}},"226":{"start":{"line":227,"column":0},"end":{"line":227,"column":24}},"227":{"start":{"line":228,"column":0},"end":{"line":228,"column":57}},"228":{"start":{"line":229,"column":0},"end":{"line":229,"column":87}},"229":{"start":{"line":230,"column":0},"end":{"line":230,"column":10}},"230":{"start":{"line":231,"column":0},"end":{"line":231,"column":95}},"231":{"start":{"line":232,"column":0},"end":{"line":232,"column":3}},"232":{"start":{"line":233,"column":0},"end":{"line":233,"column":0}},"233":{"start":{"line":234,"column":0},"end":{"line":234,"column":2}},"234":{"start":{"line":235,"column":0},"end":{"line":235,"column":63}},"235":{"start":{"line":236,"column":0},"end":{"line":236,"column":0}},"236":{"start":{"line":237,"column":0},"end":{"line":237,"column":1}}},"s":{"0":1,"1":1,"2":1,"3":1,"4":1,"5":1,"6":1,"7":1,"8":1,"9":1,"10":1,"11":1,"12":1,"13":1,"14":1,"15":1,"16":1,"17":1,"18":1,"19":1,"20":1,"21":1,"22":1,"23":1,"24":1,"25":1,"26":1,"27":1,"28":1,"29":1,"30":1,"31":1,"32":9,"33":9,"34":9,"35":9,"36":9,"37":9,"38":9,"39":3,"40":9,"41":2,"42":6,"43":1,"44":4,"45":0,"46":3,"47":1,"48":3,"49":1,"50":1,"51":1,"52":1,"53":9,"54":1,"55":1,"56":3,"57":3,"58":3,"59":3,"60":3,"61":1,"62":1,"63":2,"64":2,"65":2,"66":2,"67":3,"68":1,"69":1,"70":1,"71":1,"72":1,"73":1,"74":1,"75":1,"76":1,"77":1,"78":1,"79":1,"80":1,"81":1,"82":1,"83":5,"84":5,"85":5,"86":5,"87":5,"88":1,"89":2,"90":2,"91":2,"92":2,"93":2,"94":2,"95":2,"96":2,"97":2,"98":1,"99":1,"100":1,"101":1,"102":1,"103":1,"104":1,"105":1,"106":1,"107":1,"108":1,"109":1,"110":1,"111":1,"112":1,"113":1,"114":1,"115":2,"116":0,"117":0,"118":2,"119":1,"120":0,"121":0,"122":0,"123":0,"124":0,"125":0,"126":0,"127":0,"128":0,"129":0,"130":0,"131":0,"132":0,"133":0,"134":0,"135":0,"136":0,"137":0,"138":0,"139":0,"140":0,"141":1,"142":1,"143":1,"144":1,"145":1,"146":1,"147":1,"148":1,"149":1,"150":1,"151":1,"152":1,"153":1,"154":1,"155":1,"156":1,"157":1,"158":1,"159":1,"160":1,"161":1,"162":0,"163":0,"164":0,"165":0,"166":1,"167":1,"168":1,"169":1,"170":1,"171":1,"172":1,"173":1,"174":1,"175":1,"176":1,"177":1,"178":1,"179":1,"180":1,"181":1,"182":0,"183":0,"184":1,"185":1,"186":0,"187":0,"188":0,"189":0,"190":0,"191":0,"192":0,"193":0,"194":0,"195":0,"196":0,"197":0,"198":0,"199":0,"200":0,"201":1,"202":1,"203":1,"204":1,"205":1,"206":0,"207":0,"208":0,"209":0,"210":0,"211":0,"212":0,"213":0,"214":0,"215":0,"216":0,"217":0,"218":0,"219":0,"220":1,"221":1,"222":1,"223":1,"224":1,"225":1,"226":1,"227":1,"228":1,"229":1,"230":0,"231":0,"232":1,"233":1,"234":0,"235":0,"236":0},"branchMap":{"0":{"type":"branch","line":32,"loc":{"start":{"line":32,"column":1},"end":{"line":54,"column":2}},"locations":[{"start":{"line":32,"column":1},"end":{"line":54,"column":2}}]},"1":{"type":"branch","line":39,"loc":{"start":{"line":39,"column":26},"end":{"line":41,"column":3}},"locations":[{"start":{"line":39,"column":26},"end":{"line":41,"column":3}}]},"2":{"type":"branch","line":41,"loc":{"start":{"line":41,"column":3},"end":{"line":53,"column":3}},"locations":[{"start":{"line":41,"column":3},"end":{"line":53,"column":3}}]},"3":{"type":"branch","line":41,"loc":{"start":{"line":41,"column":32},"end":{"line":43,"column":3}},"locations":[{"start":{"line":41,"column":32},"end":{"line":43,"column":3}}]},"4":{"type":"branch","line":43,"loc":{"start":{"line":43,"column":3},"end":{"line":53,"column":3}},"locations":[{"start":{"line":43,"column":3},"end":{"line":53,"column":3}}]},"5":{"type":"branch","line":43,"loc":{"start":{"line":43,"column":34},"end":{"line":45,"column":3}},"locations":[{"start":{"line":43,"column":34},"end":{"line":45,"column":3}}]},"6":{"type":"branch","line":45,"loc":{"start":{"line":45,"column":3},"end":{"line":53,"column":3}},"locations":[{"start":{"line":45,"column":3},"end":{"line":53,"column":3}}]},"7":{"type":"branch","line":45,"loc":{"start":{"line":45,"column":34},"end":{"line":47,"column":3}},"locations":[{"start":{"line":45,"column":34},"end":{"line":47,"column":3}}]},"8":{"type":"branch","line":47,"loc":{"start":{"line":47,"column":33},"end":{"line":49,"column":3}},"locations":[{"start":{"line":47,"column":33},"end":{"line":49,"column":3}}]},"9":{"type":"branch","line":49,"loc":{"start":{"line":49,"column":3},"end":{"line":53,"column":3}},"locations":[{"start":{"line":49,"column":3},"end":{"line":53,"column":3}}]},"10":{"type":"branch","line":49,"loc":{"start":{"line":49,"column":34},"end":{"line":53,"column":3}},"locations":[{"start":{"line":49,"column":34},"end":{"line":53,"column":3}}]},"11":{"type":"branch","line":57,"loc":{"start":{"line":57,"column":0},"end":{"line":82,"column":1}},"locations":[{"start":{"line":57,"column":0},"end":{"line":82,"column":1}}]},"12":{"type":"branch","line":58,"loc":{"start":{"line":58,"column":32},"end":{"line":58,"column":94}},"locations":[{"start":{"line":58,"column":32},"end":{"line":58,"column":94}}]},"13":{"type":"branch","line":61,"loc":{"start":{"line":61,"column":11},"end":{"line":61,"column":23}},"locations":[{"start":{"line":61,"column":11},"end":{"line":61,"column":23}}]},"14":{"type":"branch","line":61,"loc":{"start":{"line":61,"column":25},"end":{"line":63,"column":2}},"locations":[{"start":{"line":61,"column":25},"end":{"line":63,"column":2}}]},"15":{"type":"branch","line":64,"loc":{"start":{"line":64,"column":-1},"end":{"line":68,"column":19}},"locations":[{"start":{"line":64,"column":-1},"end":{"line":68,"column":19}}]},"16":{"type":"branch","line":68,"loc":{"start":{"line":68,"column":19},"end":{"line":82,"column":1}},"locations":[{"start":{"line":68,"column":19},"end":{"line":82,"column":1}}]},"17":{"type":"branch","line":84,"loc":{"start":{"line":84,"column":0},"end":{"line":88,"column":1}},"locations":[{"start":{"line":84,"column":0},"end":{"line":88,"column":1}}]},"18":{"type":"branch","line":90,"loc":{"start":{"line":90,"column":0},"end":{"line":119,"column":1}},"locations":[{"start":{"line":90,"column":0},"end":{"line":119,"column":1}}]},"19":{"type":"branch","line":91,"loc":{"start":{"line":91,"column":31},"end":{"line":91,"column":93}},"locations":[{"start":{"line":91,"column":31},"end":{"line":91,"column":93}}]},"20":{"type":"branch","line":98,"loc":{"start":{"line":98,"column":38},"end":{"line":115,"column":3}},"locations":[{"start":{"line":98,"column":38},"end":{"line":115,"column":3}}]},"21":{"type":"branch","line":116,"loc":{"start":{"line":116,"column":2},"end":{"line":118,"column":2}},"locations":[{"start":{"line":116,"column":2},"end":{"line":118,"column":2}}]},"22":{"type":"branch","line":143,"loc":{"start":{"line":143,"column":0},"end":{"line":149,"column":1}},"locations":[{"start":{"line":143,"column":0},"end":{"line":149,"column":1}}]},"23":{"type":"branch","line":151,"loc":{"start":{"line":151,"column":0},"end":{"line":166,"column":1}},"locations":[{"start":{"line":151,"column":0},"end":{"line":166,"column":1}}]},"24":{"type":"branch","line":152,"loc":{"start":{"line":152,"column":34},"end":{"line":152,"column":96}},"locations":[{"start":{"line":152,"column":34},"end":{"line":152,"column":96}}]},"25":{"type":"branch","line":162,"loc":{"start":{"line":162,"column":2},"end":{"line":166,"column":1}},"locations":[{"start":{"line":162,"column":2},"end":{"line":166,"column":1}}]},"26":{"type":"branch","line":169,"loc":{"start":{"line":169,"column":0},"end":{"line":201,"column":1}},"locations":[{"start":{"line":169,"column":0},"end":{"line":201,"column":1}}]},"27":{"type":"branch","line":182,"loc":{"start":{"line":182,"column":3},"end":{"line":184,"column":3}},"locations":[{"start":{"line":182,"column":3},"end":{"line":184,"column":3}}]},"28":{"type":"branch","line":186,"loc":{"start":{"line":186,"column":2},"end":{"line":201,"column":1}},"locations":[{"start":{"line":186,"column":2},"end":{"line":201,"column":1}}]},"29":{"type":"branch","line":204,"loc":{"start":{"line":204,"column":0},"end":{"line":237,"column":1}},"locations":[{"start":{"line":204,"column":0},"end":{"line":237,"column":1}}]},"30":{"type":"branch","line":206,"loc":{"start":{"line":206,"column":32},"end":{"line":221,"column":2}},"locations":[{"start":{"line":206,"column":32},"end":{"line":221,"column":2}}]},"31":{"type":"branch","line":230,"loc":{"start":{"line":230,"column":3},"end":{"line":232,"column":3}},"locations":[{"start":{"line":230,"column":3},"end":{"line":232,"column":3}}]},"32":{"type":"branch","line":235,"loc":{"start":{"line":235,"column":-1},"end":{"line":237,"column":1}},"locations":[{"start":{"line":235,"column":-1},"end":{"line":237,"column":1}}]}},"b":{"0":[9],"1":[3],"2":[6],"3":[2],"4":[4],"5":[1],"6":[3],"7":[0],"8":[1],"9":[2],"10":[1],"11":[3],"12":[0],"13":[2],"14":[1],"15":[2],"16":[1],"17":[5],"18":[2],"19":[0],"20":[1],"21":[0],"22":[1],"23":[1],"24":[0],"25":[0],"26":[1],"27":[0],"28":[0],"29":[1],"30":[0],"31":[0],"32":[0]},"fnMap":{"0":{"name":"fetch","decl":{"start":{"line":32,"column":1},"end":{"line":54,"column":2}},"loc":{"start":{"line":32,"column":1},"end":{"line":54,"column":2}},"line":32},"1":{"name":"signup","decl":{"start":{"line":57,"column":0},"end":{"line":82,"column":1}},"loc":{"start":{"line":57,"column":0},"end":{"line":82,"column":1}},"line":57},"2":{"name":"getUser","decl":{"start":{"line":84,"column":0},"end":{"line":88,"column":1}},"loc":{"start":{"line":84,"column":0},"end":{"line":88,"column":1}},"line":84},"3":{"name":"login","decl":{"start":{"line":90,"column":0},"end":{"line":119,"column":1}},"loc":{"start":{"line":90,"column":0},"end":{"line":119,"column":1}},"line":90},"4":{"name":"getinfo","decl":{"start":{"line":121,"column":0},"end":{"line":141,"column":1}},"loc":{"start":{"line":121,"column":0},"end":{"line":141,"column":1}},"line":121},"5":{"name":"removeItemOnce","decl":{"start":{"line":143,"column":0},"end":{"line":149,"column":1}},"loc":{"start":{"line":143,"column":0},"end":{"line":149,"column":1}},"line":143},"6":{"name":"signout","decl":{"start":{"line":151,"column":0},"end":{"line":166,"column":1}},"loc":{"start":{"line":151,"column":0},"end":{"line":166,"column":1}},"line":151},"7":{"name":"avatar","decl":{"start":{"line":169,"column":0},"end":{"line":201,"column":1}},"loc":{"start":{"line":169,"column":0},"end":{"line":201,"column":1}},"line":169},"8":{"name":"history","decl":{"start":{"line":204,"column":0},"end":{"line":237,"column":1}},"loc":{"start":{"line":204,"column":0},"end":{"line":237,"column":1}},"line":204}},"f":{"0":9,"1":3,"2":5,"3":2,"4":0,"5":1,"6":1,"7":1,"8":1}}
}
